<?xml version="1.0" encoding="UTF-8"?>
<coverage generated="1774530955931" clover="3.2.0">
  <project timestamp="1774530955931" name="All files">
    <metrics statements="29" coveredstatements="29" conditionals="7" coveredconditionals="7" methods="7" coveredmethods="7" elements="43" coveredelements="43" complexity="0" loc="29" ncloc="29" packages="1" files="7" classes="7"/>
    <file name="Bowerman.js" path="C:\Users\пк\Desktop\oop-1\character-classes\src\js\Bowerman.js">
      <metrics statements="3" coveredstatements="3" conditionals="0" coveredconditionals="0" methods="1" coveredmethods="1"/>
      <line num="5" count="1" type="stmt"/>
      <line num="6" count="1" type="stmt"/>
      <line num="7" count="1" type="stmt"/>
    </file>
    <file name="Character.js" path="C:\Users\пк\Desktop\oop-1\character-classes\src\js\Character.js">
      <metrics statements="11" coveredstatements="11" conditionals="7" coveredconditionals="7" methods="1" coveredmethods="1"/>
      <line num="4" count="11" type="cond" truecount="5" falsecount="0"/>
      <line num="5" count="3" type="stmt"/>
      <line num="9" count="8" type="stmt"/>
      <line num="10" count="8" type="cond" truecount="2" falsecount="0"/>
      <line num="11" count="1" type="stmt"/>
      <line num="14" count="7" type="stmt"/>
      <line num="15" count="7" type="stmt"/>
      <line num="16" count="7" type="stmt"/>
      <line num="17" count="7" type="stmt"/>
      <line num="20" count="7" type="stmt"/>
      <line num="21" count="7" type="stmt"/>
    </file>
    <file name="Daemon.js" path="C:\Users\пк\Desktop\oop-1\character-classes\src\js\Daemon.js">
      <metrics statements="3" coveredstatements="3" conditionals="0" coveredconditionals="0" methods="1" coveredmethods="1"/>
      <line num="5" count="1" type="stmt"/>
      <line num="6" count="1" type="stmt"/>
      <line num="7" count="1" type="stmt"/>
    </file>
    <file name="Magician.js" path="C:\Users\пк\Desktop\oop-1\character-classes\src\js\Magician.js">
      <metrics statements="3" coveredstatements="3" conditionals="0" coveredconditionals="0" methods="1" coveredmethods="1"/>
      <line num="5" count="1" type="stmt"/>
      <line num="6" count="1" type="stmt"/>
      <line num="7" count="1" type="stmt"/>
    </file>
    <file name="Swordsman.js" path="C:\Users\пк\Desktop\oop-1\character-classes\src\js\Swordsman.js">
      <metrics statements="3" coveredstatements="3" conditionals="0" coveredconditionals="0" methods="1" coveredmethods="1"/>
      <line num="5" count="1" type="stmt"/>
      <line num="6" count="1" type="stmt"/>
      <line num="7" count="1" type="stmt"/>
    </file>
    <file name="Undead.js" path="C:\Users\пк\Desktop\oop-1\character-classes\src\js\Undead.js">
      <metrics statements="3" coveredstatements="3" conditionals="0" coveredconditionals="0" methods="1" coveredmethods="1"/>
      <line num="5" count="1" type="stmt"/>
      <line num="6" count="1" type="stmt"/>
      <line num="7" count="1" type="stmt"/>
    </file>
    <file name="Zombie.js" path="C:\Users\пк\Desktop\oop-1\character-classes\src\js\Zombie.js">
      <metrics statements="3" coveredstatements="3" conditionals="0" coveredconditionals="0" methods="1" coveredmethods="1"/>
      <line num="5" count="1" type="stmt"/>
      <line num="6" count="1" type="stmt"/>
      <line num="7" count="1" type="stmt"/>
    </file>
  </project>
</coverage>
